<?xml version="1.0" encoding="UTF-8"?>
<testsuite xmlns:xsi="http://www.w3.org/2001/XMLSchema-instance" xsi:noNamespaceSchemaLocation="https://maven.apache.org/surefire/maven-surefire-plugin/xsd/surefire-test-report.xsd" name="org.json.simple.parser.YylexTest" time="0.01" tests="1" errors="0" skipped="0" failures="0">
  <properties>
    <property name="sun.desktop" value="windows"/>
    <property name="awt.toolkit" value="sun.awt.windows.WToolkit"/>
    <property name="file.encoding.pkg" value="sun.io"/>
    <property name="java.specification.version" value="1.8"/>
    <property name="sun.cpu.isalist" value="amd64"/>
    <property name="sun.jnu.encoding" value="Cp1250"/>
    <property name="java.class.path" value="E:\redirectDownload\newproj\json-simple\target\test-classes;E:\redirectDownload\newproj\json-simple\target\classes;C:\Users\Sew\.m2\repository\junit\junit\4.10\junit-4.10.jar;C:\Users\Sew\.m2\repository\org\hamcrest\hamcrest-core\1.1\hamcrest-core-1.1.jar;"/>
    <property name="java.vm.vendor" value="Oracle Corporation"/>
    <property name="sun.arch.data.model" value="64"/>
    <property name="user.variant" value=""/>
    <property name="java.vendor.url" value="http://java.oracle.com/"/>
    <property name="user.timezone" value=""/>
    <property name="user.country.format" value="HU"/>
    <property name="java.vm.specification.version" value="1.8"/>
    <property name="os.name" value="Windows 10"/>
    <property name="user.country" value="US"/>
    <property name="sun.java.launcher" value="SUN_STANDARD"/>
    <property name="sun.boot.library.path" value="E:\Programs\Java\jdk1.8.0_144\jre\bin"/>
    <property name="sun.java.command" value="C:\Users\Sew\AppData\Local\Temp\surefire5635600394211895628\surefirebooter2825875928603413276.jar C:\Users\Sew\AppData\Local\Temp\surefire5635600394211895628 2017-10-01T15-15-46_982-jvmRun1 surefire5663015416787745890tmp surefire_06784707550958787103tmp"/>
    <property name="surefire.test.class.path" value="E:\redirectDownload\newproj\json-simple\target\test-classes;E:\redirectDownload\newproj\json-simple\target\classes;C:\Users\Sew\.m2\repository\junit\junit\4.10\junit-4.10.jar;C:\Users\Sew\.m2\repository\org\hamcrest\hamcrest-core\1.1\hamcrest-core-1.1.jar;"/>
    <property name="sun.cpu.endian" value="little"/>
    <property name="user.home" value="C:\Users\Sew"/>
    <property name="user.language" value="en"/>
    <property name="java.specification.vendor" value="Oracle Corporation"/>
    <property name="java.home" value="E:\Programs\Java\jdk1.8.0_144\jre"/>
    <property name="basedir" value="E:\redirectDownload\newproj\json-simple"/>
    <property name="file.separator" value="\"/>
    <property name="line.separator" value="&#10;"/>
    <property name="java.vm.specification.vendor" value="Oracle Corporation"/>
    <property name="java.specification.name" value="Java Platform API Specification"/>
    <property name="java.awt.graphicsenv" value="sun.awt.Win32GraphicsEnvironment"/>
    <property name="surefire.real.class.path" value="C:\Users\Sew\AppData\Local\Temp\surefire5635600394211895628\surefirebooter2825875928603413276.jar"/>
    <property name="sun.boot.class.path" value="E:\Programs\Java\jdk1.8.0_144\jre\lib\resources.jar;E:\Programs\Java\jdk1.8.0_144\jre\lib\rt.jar;E:\Programs\Java\jdk1.8.0_144\jre\lib\sunrsasign.jar;E:\Programs\Java\jdk1.8.0_144\jre\lib\jsse.jar;E:\Programs\Java\jdk1.8.0_144\jre\lib\jce.jar;E:\Programs\Java\jdk1.8.0_144\jre\lib\charsets.jar;E:\Programs\Java\jdk1.8.0_144\jre\lib\jfr.jar;E:\Programs\Java\jdk1.8.0_144\jre\classes"/>
    <property name="user.script" value=""/>
    <property name="sun.management.compiler" value="HotSpot 64-Bit Tiered Compilers"/>
    <property name="java.runtime.version" value="1.8.0_144-b01"/>
    <property name="user.name" value="Sew"/>
    <property name="path.separator" value=";"/>
    <property name="os.version" value="10.0"/>
    <property name="java.endorsed.dirs" value="E:\Programs\Java\jdk1.8.0_144\jre\lib\endorsed"/>
    <property name="java.runtime.name" value="Java(TM) SE Runtime Environment"/>
    <property name="file.encoding" value="Cp1250"/>
    <property name="java.vm.name" value="Java HotSpot(TM) 64-Bit Server VM"/>
    <property name="localRepository" value="C:\Users\Sew\.m2\repository"/>
    <property name="java.vendor.url.bug" value="http://bugreport.sun.com/bugreport/"/>
    <property name="java.io.tmpdir" value="C:\Users\Sew\AppData\Local\Temp\"/>
    <property name="java.version" value="1.8.0_144"/>
    <property name="user.dir" value="E:\redirectDownload\newproj\json-simple"/>
    <property name="os.arch" value="amd64"/>
    <property name="java.vm.specification.name" value="Java Virtual Machine Specification"/>
    <property name="java.awt.printerjob" value="sun.awt.windows.WPrinterJob"/>
    <property name="user.language.format" value="hu"/>
    <property name="sun.os.patch.level" value=""/>
    <property name="java.library.path" value="E:\Programs\Java\jdk1.8.0_144\jre\bin;C:\WINDOWS\Sun\Java\bin;C:\WINDOWS\system32;C:\WINDOWS;C:\ProgramData\Oracle\Java\javapath;C:\Program Files\NVIDIA GPU Computing Toolkit\CUDA\v8.0\bin;C:\Program Files\NVIDIA GPU Computing Toolkit\CUDA\v8.0\libnvvp;C:\Program Files\Microsoft MPI\Bin\;C:\Program Files (x86)\Intel\iCLS Client\;C:\Program Files\Intel\iCLS Client\;C:\Windows\system32;C:\Windows;C:\Windows\System32\Wbem;C:\Windows\System32\WindowsPowerShell\v1.0\;C:\Program Files (x86)\NVIDIA Corporation\PhysX\Common;C:\Program Files (x86)\Intel\Intel(R) Management Engine Components\DAL;C:\Program Files\Intel\Intel(R) Management Engine Components\DAL;C:\Program Files (x86)\Intel\Intel(R) Management Engine Components\IPT;C:\Program Files\Intel\Intel(R) Management Engine Components\IPT;C:\WINDOWS\system32;C:\WINDOWS;C:\WINDOWS\System32\Wbem;C:\WINDOWS\System32\WindowsPowerShell\v1.0\;C:\Program Files (x86)\Skype\Phone\;C:\Program Files\Microsoft SQL Server\130\Tools\Binn\;C:\Program Files\dotnet\;E:\Programs\PuTTY\;C:\Program Files (x86)\GtkSharp\2.12\bin;C:\Users\Sew\.dnx\bin;C:\Program Files\Microsoft DNX\Dnvm\;C:\Program Files\Microsoft SQL Server\120\Tools\Binn\;E:\Programs\nodejs\;E:\Programs\TortoiseHg\;E:\Programs\Git\cmd;E:\redirectDownload\apache-maven-3.5.0\bin;C:\Users\Sew\scoop\shims;E:\Programs\Python\Python35\Scripts\;E:\Programs\Python\Python35\;C:\Users\Sew\AppData\Local\Microsoft\WindowsApps;C:\Users\Sew\AppData\Roaming\npm;;."/>
    <property name="java.vm.info" value="mixed mode"/>
    <property name="java.vendor" value="Oracle Corporation"/>
    <property name="java.vm.version" value="25.144-b01"/>
    <property name="java.ext.dirs" value="E:\Programs\Java\jdk1.8.0_144\jre\lib\ext;C:\WINDOWS\Sun\Java\lib\ext"/>
    <property name="sun.io.unicode.encoding" value="UnicodeLittle"/>
    <property name="java.class.version" value="52.0"/>
  </properties>
  <testcase name="testYylex" classname="org.json.simple.parser.YylexTest" time="0.01"/>
</testsuite>